[{"line":1,"elements":[{"line":3,"name":"","description":"","type":"background","keyword":"Background","steps":[{"result":{"duration":8666978600,"status":"passed"},"line":4,"name":"browser is open to welcome page","match":{"location":"stepdefinations.Book.browser_is_open_to_welcome_page()"},"keyword":"Given "},{"result":{"duration":1572175100,"status":"passed"},"line":5,"name":"user is logged in","match":{"location":"stepdefinations.Book.user_is_logged_in(io.cucumber.datatable.DataTable)"},"rows":[{"cells":["qs_testuser123@gmail.com","password@123"]}],"keyword":"When "},{"result":{"status":"passed"},"line":7,"name":"user clicks on Book page","match":{"location":"stepdefinations.Book.user_clicks_on_book_page()"},"keyword":"And "},{"result":{"status":"passed"},"line":8,"name":"Books page is displayed","match":{"location":"stepdefinations.Book.books_page_is_displayed()"},"keyword":"And "}]},{"start_timestamp":"2024-08-30T06:49:32.362Z","line":10,"name":"Validate user can sort the page alphabetically","description":"","id":"books;validate-user-can-sort-the-page-alphabetically","type":"scenario","keyword":"Scenario","steps":[{"result":{"status":"passed"},"line":11,"name":"user chooses A-Z in sort by drop down","match":{"location":"stepdefinations.Book.user_chooses_a_z_in_sort_by_drop_down()"},"keyword":"And "},{"result":{"duration":1336600,"status":"passed"},"line":12,"name":"page should be sorted alphabetically","match":{"location":"stepdefinations.Book.page_should_be_sorted_alphabetically()"},"keyword":"Then "}]},{"line":3,"name":"","description":"","type":"background","keyword":"Background","steps":[{"result":{"duration":7516215800,"status":"passed"},"line":4,"name":"browser is open to welcome page","match":{"location":"stepdefinations.Book.browser_is_open_to_welcome_page()"},"keyword":"Given "},{"result":{"duration":1822511300,"status":"passed"},"line":5,"name":"user is logged in","match":{"location":"stepdefinations.Book.user_is_logged_in(io.cucumber.datatable.DataTable)"},"rows":[{"cells":["qs_testuser123@gmail.com","password@123"]}],"keyword":"When "},{"result":{"status":"passed"},"line":7,"name":"user clicks on Book page","match":{"location":"stepdefinations.Book.user_clicks_on_book_page()"},"keyword":"And "},{"result":{"status":"passed"},"line":8,"name":"Books page is displayed","match":{"location":"stepdefinations.Book.books_page_is_displayed()"},"keyword":"And "}]},{"start_timestamp":"2024-08-30T06:49:42.725Z","line":14,"name":"validate user can add computing and Internet book to cart","description":"","id":"books;validate-user-can-add-computing-and-internet-book-to-cart","type":"scenario","keyword":"Scenario","steps":[{"result":{"status":"passed"},"line":15,"name":"user clicks on add to cart button for Computting and Internet book","match":{"location":"stepdefinations.Book.user_clicks_on_add_to_cart_button_for_computting_and_internet_book()"},"keyword":"And "},{"result":{"status":"passed"},"line":16,"name":"Book should be added to cart","match":{"location":"stepdefinations.Book.book_should_be_added_to_cart()"},"keyword":"Then "}]},{"line":3,"name":"","description":"","type":"background","keyword":"Background","steps":[{"result":{"duration":12301419700,"status":"passed"},"line":4,"name":"browser is open to welcome page","match":{"location":"stepdefinations.Book.browser_is_open_to_welcome_page()"},"keyword":"Given "},{"result":{"duration":2035755800,"status":"passed"},"line":5,"name":"user is logged in","match":{"location":"stepdefinations.Book.user_is_logged_in(io.cucumber.datatable.DataTable)"},"rows":[{"cells":["qs_testuser123@gmail.com","password@123"]}],"keyword":"When "},{"result":{"duration":824600,"status":"passed"},"line":7,"name":"user clicks on Book page","match":{"location":"stepdefinations.Book.user_clicks_on_book_page()"},"keyword":"And "},{"result":{"duration":1547200,"status":"passed"},"line":8,"name":"Books page is displayed","match":{"location":"stepdefinations.Book.books_page_is_displayed()"},"keyword":"And "}]},{"start_timestamp":"2024-08-30T06:49:52.096Z","line":18,"name":"Valiadte user can Health book to cart","description":"","id":"books;valiadte-user-can-health-book-to-cart","type":"scenario","keyword":"Scenario","steps":[{"result":{"duration":1473900,"status":"passed"},"line":19,"name":"user clicks on add to cart button for Health book","match":{"location":"stepdefinations.Book.user_clicks_on_add_to_cart_button_for_health_book()"},"keyword":"And "},{"result":{"status":"passed"},"line":20,"name":"Book should be added to cart","match":{"location":"stepdefinations.Book.book_should_be_added_to_cart()"},"keyword":"Then "}]}],"name":"Books","description":"","id":"books","keyword":"Feature","uri":"file:src/test/java/Feature/Book.feature","tags":[]},{"line":1,"elements":[{"start_timestamp":"2024-08-30T06:50:06.452Z","line":3,"name":"User should be able to register using valid credentials","description":"","id":"register;user-should-be-able-to-register-using-valid-credentials","type":"scenario","keyword":"Scenario","steps":[{"result":{"duration":1630047100,"status":"passed"},"line":5,"name":"Browser is open","match":{"location":"stepdefinations.Register.browser_is_open()"},"keyword":"Given "},{"result":{"duration":17850265000,"status":"passed"},"line":6,"name":"url is navigated to register page","match":{"location":"stepdefinations.Register.url_is_navigated_to_register_page()"},"keyword":"And "},{"result":{"duration":937619700,"status":"passed"},"line":7,"name":"user enters valid credentials","match":{"location":"stepdefinations.Register.user_enters_valid_credentials(io.cucumber.datatable.DataTable)"},"rows":[{"cells":["M","Test","ManualTest","qs_manualTest108@gmail.com","Password@123"]}],"keyword":"When "},{"result":{"duration":2485555100,"status":"passed"},"line":9,"name":"clicks on register button","match":{"location":"stepdefinations.Register.clicks_on_register_button()"},"keyword":"And "},{"result":{"error_message":"org.openqa.selenium.NoSuchElementException: no such element: Unable to locate element: {\"method\":\"xpath\",\"selector\":\"//div[@class='result']\"}\n  (Session info: chrome=128.0.6613.113)\nFor documentation on this error, please visit: https://www.selenium.dev/documentation/webdriver/troubleshooting/errors#no-such-element-exception\nBuild info: version: '4.20.0', revision: '866c76ca80'\nSystem info: os.name: 'Windows 11', os.arch: 'amd64', os.version: '10.0', java.version: '17.0.11'\nDriver info: org.openqa.selenium.chrome.ChromeDriver\nCommand: [cf28297b3b4fc1fb751310b3db6c1357, findElement {value=//div[@class='result'], using=xpath}]\nCapabilities {acceptInsecureCerts: false, browserName: chrome, browserVersion: 128.0.6613.113, chrome: {chromedriverVersion: 128.0.6613.86 (3045ed680fda..., userDataDir: C:\\Users\\AKSHAY~1\\AppData\\L...}, fedcm:accounts: true, goog:chromeOptions: {debuggerAddress: localhost:50470}, networkConnectionEnabled: false, pageLoadStrategy: normal, platformName: windows, proxy: Proxy(), se:cdp: ws://localhost:50470/devtoo..., se:cdpVersion: 128.0.6613.113, setWindowRect: true, strictFileInteractability: false, timeouts: {implicit: 0, pageLoad: 300000, script: 30000}, unhandledPromptBehavior: dismiss and notify, webauthn:extension:credBlob: true, webauthn:extension:largeBlob: true, webauthn:extension:minPinLength: true, webauthn:extension:prf: true, webauthn:virtualAuthenticators: true}\nSession ID: cf28297b3b4fc1fb751310b3db6c1357\r\n\tat java.base/jdk.internal.reflect.NativeConstructorAccessorImpl.newInstance0(Native Method)\r\n\tat java.base/jdk.internal.reflect.NativeConstructorAccessorImpl.newInstance(NativeConstructorAccessorImpl.java:77)\r\n\tat java.base/jdk.internal.reflect.DelegatingConstructorAccessorImpl.newInstance(DelegatingConstructorAccessorImpl.java:45)\r\n\tat java.base/java.lang.reflect.Constructor.newInstanceWithCaller(Constructor.java:499)\r\n\tat java.base/java.lang.reflect.Constructor.newInstance(Constructor.java:480)\r\n\tat org.openqa.selenium.remote.ErrorCodec.decode(ErrorCodec.java:167)\r\n\tat org.openqa.selenium.remote.codec.w3c.W3CHttpResponseCodec.decode(W3CHttpResponseCodec.java:138)\r\n\tat org.openqa.selenium.remote.codec.w3c.W3CHttpResponseCodec.decode(W3CHttpResponseCodec.java:50)\r\n\tat org.openqa.selenium.remote.HttpCommandExecutor.execute(HttpCommandExecutor.java:190)\r\n\tat org.openqa.selenium.remote.service.DriverCommandExecutor.invokeExecute(DriverCommandExecutor.java:216)\r\n\tat org.openqa.selenium.remote.service.DriverCommandExecutor.execute(DriverCommandExecutor.java:174)\r\n\tat org.openqa.selenium.remote.RemoteWebDriver.execute(RemoteWebDriver.java:518)\r\n\tat org.openqa.selenium.remote.ElementLocation$ElementFinder$2.findElement(ElementLocation.java:165)\r\n\tat org.openqa.selenium.remote.ElementLocation.findElement(ElementLocation.java:59)\r\n\tat org.openqa.selenium.remote.RemoteWebDriver.findElement(RemoteWebDriver.java:355)\r\n\tat org.openqa.selenium.remote.RemoteWebDriver.findElement(RemoteWebDriver.java:349)\r\n\tat stepdefinations.Register.a_new_account_should_be_created(Register.java:79)\r\n\tat âœ½.a new account should be created(file:///C:/Users/akshay%20%20holkar/Desktop/Selenium%20workspace/tekPyramid/BDD/./src/test/java/Feature/Register.feature:10)\r\n","duration":10028044100,"status":"failed"},"line":10,"name":"a new account should be created","match":{"location":"stepdefinations.Register.a_new_account_should_be_created()"},"keyword":"Then "},{"result":{"status":"skipped"},"line":11,"name":"browser must be closed","match":{"location":"stepdefinations.Register.browser_must_be_closed()"},"keyword":"And "}],"tags":[{"name":"@Smoke"},{"name":"@Regression"}]}],"name":"Register","description":"","id":"register","keyword":"Feature","uri":"file:src/test/java/Feature/Register.feature","tags":[]},{"line":1,"elements":[{"start_timestamp":"2024-08-30T06:50:39.482Z","line":3,"name":"validate shopper can login using valid credentials","description":"","id":"shoppersstacklogin;validate-shopper-can-login-using-valid-credentials","type":"scenario","keyword":"Scenario","steps":[{"result":{"status":"undefined"},"line":5,"name":"browser is open URL is navigated","match":{},"keyword":"Given "},{"result":{"status":"skipped"},"line":6,"name":"login page is displayed","match":{},"keyword":"And "},{"result":{"status":"skipped"},"line":7,"name":"shopper login is displayed","match":{},"keyword":"And "},{"result":{"status":"skipped"},"line":8,"name":"user enters \"qa_testmerchantdell@gmail.com\" and \"Password@123\"","match":{},"keyword":"When "},{"result":{"status":"skipped"},"line":9,"name":"clicks on login button","match":{},"keyword":"And "},{"result":{"status":"skipped"},"line":10,"name":"Shopper should be successfully logged in","match":{},"keyword":"Then "},{"result":{"status":"skipped"},"line":11,"name":"browser should closed","match":{},"keyword":"And "}]},{"start_timestamp":"2024-08-30T06:50:39.513Z","line":13,"name":"Validate Merchant can login using valid credentials","description":"","id":"shoppersstacklogin;validate-merchant-can-login-using-valid-credentials","type":"scenario","keyword":"Scenario","steps":[{"result":{"status":"undefined"},"line":15,"name":"browser is open URL is navigated","match":{},"keyword":"Given "},{"result":{"status":"skipped"},"line":16,"name":"login page is displayed","match":{},"keyword":"And "},{"result":{"status":"skipped"},"line":17,"name":"merchant login is displayed","match":{},"keyword":"And "},{"result":{"status":"skipped"},"line":18,"name":"user enters \"qa_merchantlogin@gmail.com\" and \"Password@123\"","match":{},"keyword":"When "},{"result":{"status":"skipped"},"line":19,"name":"clicks on login button","match":{},"keyword":"And "},{"result":{"status":"skipped"},"line":20,"name":"Merchant should be successfully logged in","match":{},"keyword":"Then "},{"result":{"status":"skipped"},"line":21,"name":"browser should closed","match":{},"keyword":"And "}]},{"start_timestamp":"2024-08-30T06:50:39.537Z","line":23,"name":"Validate admin can login using valid credentials","description":"","id":"shoppersstacklogin;validate-admin-can-login-using-valid-credentials","type":"scenario","keyword":"Scenario","steps":[{"result":{"status":"undefined"},"line":25,"name":"browser is open URL is navigated","match":{},"keyword":"Given "},{"result":{"status":"skipped"},"line":26,"name":"login page is displayed","match":{},"keyword":"And "},{"result":{"status":"skipped"},"line":27,"name":"Admin login is displayed","match":{},"keyword":"And "},{"result":{"status":"skipped"},"line":28,"name":"user enters \"qa_testadmindell@gmail.com\" and \"Password@123\"","match":{},"keyword":"When "},{"result":{"status":"skipped"},"line":29,"name":"clicks on login button","match":{},"keyword":"And "},{"result":{"status":"skipped"},"line":30,"name":"Admin must be successfully logged in","match":{},"keyword":"Then "},{"result":{"status":"skipped"},"line":31,"name":"browser should closed","match":{},"keyword":"And "}]}],"name":"ShoppersStackLogin","description":"","id":"shoppersstacklogin","keyword":"Feature","uri":"file:src/test/java/Feature/SSLogin.feature","tags":[]},{"line":1,"elements":[{"start_timestamp":"2024-08-30T06:50:39.559Z","line":11,"name":"valiate when user enters text in text field then the search result must be displayed","description":"","id":"search;valiate-when-user-enters-text-in-text-field-then-the-search-result-must-be-displayed;;2","type":"scenario","keyword":"Scenario Outline","steps":[{"result":{"duration":11029224600,"status":"passed"},"line":5,"name":"Welcome page is dispalyed","match":{"location":"stepdefinations.Search.welcome_page_is_dispalyed()"},"keyword":"Given "},{"result":{"duration":1211620600,"status":"passed"},"line":6,"name":"user enters \"Computer\" in search text field","match":{"arguments":[{"val":"\"Computer\"","offset":12}],"location":"stepdefinations.Search.user_enters_in_search_text_field(java.lang.String)"},"keyword":"When "},{"result":{"duration":113185400,"status":"passed"},"line":7,"name":"Search result must be dispalyed","match":{"location":"stepdefinations.Search.search_result_must_be_dispalyed()"},"keyword":"Then "}]},{"start_timestamp":"2024-08-30T06:50:51.937Z","line":12,"name":"valiate when user enters text in text field then the search result must be displayed","description":"","id":"search;valiate-when-user-enters-text-in-text-field-then-the-search-result-must-be-displayed;;3","type":"scenario","keyword":"Scenario Outline","steps":[{"result":{"duration":14665568900,"status":"passed"},"line":5,"name":"Welcome page is dispalyed","match":{"location":"stepdefinations.Search.welcome_page_is_dispalyed()"},"keyword":"Given "},{"result":{"duration":2645370600,"status":"passed"},"line":6,"name":"user enters \"Books\" in search text field","match":{"arguments":[{"val":"\"Books\"","offset":12}],"location":"stepdefinations.Search.user_enters_in_search_text_field(java.lang.String)"},"keyword":"When "},{"result":{"duration":83742400,"status":"passed"},"line":7,"name":"Search result must be dispalyed","match":{"location":"stepdefinations.Search.search_result_must_be_dispalyed()"},"keyword":"Then "}]},{"start_timestamp":"2024-08-30T06:51:09.339Z","line":13,"name":"valiate when user enters text in text field then the search result must be displayed","description":"","id":"search;valiate-when-user-enters-text-in-text-field-then-the-search-result-must-be-displayed;;4","type":"scenario","keyword":"Scenario Outline","steps":[{"result":{"duration":11387742000,"status":"passed"},"line":5,"name":"Welcome page is dispalyed","match":{"location":"stepdefinations.Search.welcome_page_is_dispalyed()"},"keyword":"Given "},{"result":{"duration":2481522600,"status":"passed"},"line":6,"name":"user enters \"10\" in search text field","match":{"arguments":[{"val":"\"10\"","offset":12}],"location":"stepdefinations.Search.user_enters_in_search_text_field(java.lang.String)"},"keyword":"When "},{"result":{"duration":63299500,"status":"passed"},"line":7,"name":"Search result must be dispalyed","match":{"location":"stepdefinations.Search.search_result_must_be_dispalyed()"},"keyword":"Then "}]}],"name":"Search","description":"","id":"search","keyword":"Feature","uri":"file:src/test/java/Feature/Search.feature","tags":[]},{"line":1,"elements":[{"start_timestamp":"2024-08-30T06:51:23.285Z","line":3,"name":"","description":"Validate user is able to login using valid credentials","id":"login;","type":"scenario","keyword":"Scenario","steps":[]}],"name":"Login","description":"","id":"login","keyword":"Feature","uri":"file:src/test/java/Feature/login.feature","tags":[]},{"line":1,"elements":[{"start_timestamp":"2024-08-30T06:51:23.295Z","line":2,"name":"Failure while executing Cucumber","description":"","id":"failure;failure-while-executing-cucumber","type":"scenario","keyword":"Scenario","steps":[{"result":{"duration":0,"status":"passed"},"line":3,"name":"Cucumber failed while executing","match":{"arguments":[],"location":"io.cucumber.core.Failure.failure_while_executing_cucumber()"},"keyword":"When "},{"result":{"duration":0,"error_message":"java.lang.IllegalArgumentException: Test name must not be null or empty\r\n\tat com.aventstack.extentreports.util.Assert.notEmpty(Assert.java:12)\r\n\tat com.aventstack.extentreports.ExtentTest.<init>(ExtentTest.java:96)\r\n\tat com.aventstack.extentreports.ExtentTest.createNode(ExtentTest.java:153)\r\n\tat com.aventstack.extentreports.cucumber.adapter.ExtentCucumberAdapter.createTestCase(ExtentCucumberAdapter.java:427)\r\n\tat com.aventstack.extentreports.cucumber.adapter.ExtentCucumberAdapter.handleTestCaseStarted(ExtentCucumberAdapter.java:163)\r\n\tat com.aventstack.extentreports.cucumber.adapter.ExtentCucumberAdapter.access$100(ExtentCucumberAdapter.java:63)\r\n\tat com.aventstack.extentreports.cucumber.adapter.ExtentCucumberAdapter$3.receive(ExtentCucumberAdapter.java:107)\r\n\tat com.aventstack.extentreports.cucumber.adapter.ExtentCucumberAdapter$3.receive(ExtentCucumberAdapter.java:104)\r\n\tat io.cucumber.core.eventbus.AbstractEventPublisher.send(AbstractEventPublisher.java:51)\r\n\tat io.cucumber.core.eventbus.AbstractEventBus.send(AbstractEventBus.java:12)\r\n\tat io.cucumber.core.runtime.SynchronizedEventBus.send(SynchronizedEventBus.java:47)\r\n\tat io.cucumber.core.runtime.ThreadLocalRunnerSupplier$LocalEventBus.send(ThreadLocalRunnerSupplier.java:62)\r\n\tat io.cucumber.core.runner.TestCase.emitTestCaseStarted(TestCase.java:206)\r\n\tat io.cucumber.core.runner.TestCase.run(TestCase.java:72)\r\n\tat io.cucumber.core.runner.Runner.runPickle(Runner.java:75)\r\n\tat io.cucumber.testng.TestNGCucumberRunner.lambda$runScenario$1(TestNGCucumberRunner.java:132)\r\n\tat io.cucumber.core.runtime.CucumberExecutionContext.lambda$runTestCase$5(CucumberExecutionContext.java:137)\r\n\tat io.cucumber.core.runtime.RethrowingThrowableCollector.executeAndThrow(RethrowingThrowableCollector.java:23)\r\n\tat io.cucumber.core.runtime.CucumberExecutionContext.runTestCase(CucumberExecutionContext.java:137)\r\n\tat io.cucumber.testng.TestNGCucumberRunner.runScenario(TestNGCucumberRunner.java:129)\r\n\tat io.cucumber.testng.AbstractTestNGCucumberTests.runScenario(AbstractTestNGCucumberTests.java:35)\r\n\tat java.base/jdk.internal.reflect.NativeMethodAccessorImpl.invoke0(Native Method)\r\n\tat java.base/jdk.internal.reflect.NativeMethodAccessorImpl.invoke(NativeMethodAccessorImpl.java:77)\r\n\tat java.base/jdk.internal.reflect.DelegatingMethodAccessorImpl.invoke(DelegatingMethodAccessorImpl.java:43)\r\n\tat java.base/java.lang.reflect.Method.invoke(Method.java:568)\r\n\tat org.testng.internal.MethodInvocationHelper.invokeMethod(MethodInvocationHelper.java:133)\r\n\tat org.testng.internal.TestInvoker.invokeMethod(TestInvoker.java:598)\r\n\tat org.testng.internal.TestInvoker.invokeTestMethod(TestInvoker.java:173)\r\n\tat org.testng.internal.MethodRunner.runInSequence(MethodRunner.java:46)\r\n\tat org.testng.internal.TestInvoker$MethodInvocationAgent.invoke(TestInvoker.java:824)\r\n\tat org.testng.internal.TestInvoker.invokeTestMethods(TestInvoker.java:146)\r\n\tat org.testng.internal.TestMethodWorker.invokeTestMethods(TestMethodWorker.java:146)\r\n\tat org.testng.internal.TestMethodWorker.run(TestMethodWorker.java:128)\r\n\tat java.base/java.util.ArrayList.forEach(ArrayList.java:1511)\r\n\tat org.testng.TestRunner.privateRun(TestRunner.java:794)\r\n\tat org.testng.TestRunner.run(TestRunner.java:596)\r\n\tat org.testng.SuiteRunner.runTest(SuiteRunner.java:377)\r\n\tat org.testng.SuiteRunner.runSequentially(SuiteRunner.java:371)\r\n\tat org.testng.SuiteRunner.privateRun(SuiteRunner.java:332)\r\n\tat org.testng.SuiteRunner.run(SuiteRunner.java:276)\r\n\tat org.testng.SuiteRunnerWorker.runSuite(SuiteRunnerWorker.java:53)\r\n\tat org.testng.SuiteRunnerWorker.run(SuiteRunnerWorker.java:96)\r\n\tat org.testng.TestNG.runSuitesSequentially(TestNG.java:1212)\r\n\tat org.testng.TestNG.runSuitesLocally(TestNG.java:1134)\r\n\tat org.testng.TestNG.runSuites(TestNG.java:1063)\r\n\tat org.testng.TestNG.run(TestNG.java:1031)\r\n\tat org.testng.remote.AbstractRemoteTestNG.run(AbstractRemoteTestNG.java:115)\r\n\tat org.testng.remote.RemoteTestNG.initAndRun(RemoteTestNG.java:251)\r\n\tat org.testng.remote.RemoteTestNG.main(RemoteTestNG.java:77)\r\n","status":"failed"},"line":4,"name":"Cucumber will report this error:","match":{"arguments":[],"location":"io.cucumber.core.Failure.cucumber_reports_this_error()"},"keyword":"Then "}]}],"name":"Test run failed","description":"There were errors during the execution","id":"failure","keyword":"Feature","uri":"classpath:io/cucumber/core/failure.feature","tags":[]}]